RUN	scenarios.LoginSimulation		loginsimulation	1533306804916	 	2.0
USER	LoginSimulation	1	START	1533306805788	1533306805788
REQUEST	LoginSimulation	1		homepage	1533306805816	1533306805922	OK	 
REQUEST	LoginSimulation	1		/simple-entry	1533306805975	1533306806024	OK	 
REQUEST	LoginSimulation	1		/system/ajax	1533306806044	1533306806199	OK	 
REQUEST	LoginSimulation	1		homepage	1533306806204	1533306806264	OK	 
REQUEST	LoginSimulation	1		/simple-entry	1533306806269	1533306806289	KO	regex((?i)value=[\S]+(form-[_-a-zA-Z0-9]+)[\S]+).find.exists, found nothing
REQUEST	LoginSimulation	1		/system/ajax	1533306806318	1533306806542	OK	 
REQUEST	LoginSimulation	1		homepage	1533306806546	1533306806747	OK	 
REQUEST	LoginSimulation	1		/simple-entry	1533306806752	1533306806773	KO	regex((?i)value=[\S]+(form-[_-a-zA-Z0-9]+)[\S]+).find.exists, found nothing
USER	LoginSimulation	2	START	1533306806839	1533306806839
REQUEST	LoginSimulation	1		/system/ajax	1533306806783	1533306806877	OK	 
REQUEST	LoginSimulation	2		homepage	1533306806840	1533306806981	OK	 
REQUEST	LoginSimulation	1		homepage	1533306806883	1533306806982	OK	 
REQUEST	LoginSimulation	1		/simple-entry	1533306806991	1533306807015	KO	regex((?i)value=[\S]+(form-[_-a-zA-Z0-9]+)[\S]+).find.exists, found nothing
REQUEST	LoginSimulation	2		/simple-entry	1533306806984	1533306807019	OK	 
REQUEST	LoginSimulation	2		/system/ajax	1533306807022	1533306807089	OK	 
REQUEST	LoginSimulation	2		homepage	1533306807090	1533306807132	OK	 
REQUEST	LoginSimulation	2		/simple-entry	1533306807133	1533306807148	KO	regex((?i)value=[\S]+(form-[_-a-zA-Z0-9]+)[\S]+).find.exists, found nothing
REQUEST	LoginSimulation	1		/system/ajax	1533306807019	1533306807308	OK	 
USER	LoginSimulation	1	END	1533306805788	1533306807320
REQUEST	LoginSimulation	2		/system/ajax	1533306807153	1533306807408	OK	 
REQUEST	LoginSimulation	2		homepage	1533306807415	1533306807641	OK	 
REQUEST	LoginSimulation	2		/simple-entry	1533306807646	1533306807663	KO	regex((?i)value=[\S]+(form-[_-a-zA-Z0-9]+)[\S]+).find.exists, found nothing
REQUEST	LoginSimulation	2		/system/ajax	1533306807669	1533306807744	OK	 
REQUEST	LoginSimulation	2		homepage	1533306807749	1533306807814	OK	 
USER	LoginSimulation	3	START	1533306807838	1533306807838
REQUEST	LoginSimulation	2		/simple-entry	1533306807819	1533306807835	KO	regex((?i)value=[\S]+(form-[_-a-zA-Z0-9]+)[\S]+).find.exists, found nothing
REQUEST	LoginSimulation	3		homepage	1533306807840	1533306807921	OK	 
REQUEST	LoginSimulation	3		/simple-entry	1533306807926	1533306807961	OK	 
REQUEST	LoginSimulation	3		/system/ajax	1533306807967	1533306808022	OK	 
REQUEST	LoginSimulation	3		homepage	1533306808025	1533306808071	OK	 
REQUEST	LoginSimulation	3		/simple-entry	1533306808074	1533306808090	KO	regex((?i)value=[\S]+(form-[_-a-zA-Z0-9]+)[\S]+).find.exists, found nothing
REQUEST	LoginSimulation	2		/system/ajax	1533306807852	1533306808121	OK	 
USER	LoginSimulation	2	END	1533306806839	1533306808127
REQUEST	LoginSimulation	3		/system/ajax	1533306808096	1533306808305	OK	 
REQUEST	LoginSimulation	3		homepage	1533306808308	1533306808510	OK	 
REQUEST	LoginSimulation	3		/simple-entry	1533306808513	1533306808531	KO	regex((?i)value=[\S]+(form-[_-a-zA-Z0-9]+)[\S]+).find.exists, found nothing
REQUEST	LoginSimulation	3		/system/ajax	1533306808536	1533306808590	OK	 
REQUEST	LoginSimulation	3		homepage	1533306808593	1533306808651	OK	 
REQUEST	LoginSimulation	3		/simple-entry	1533306808655	1533306808671	KO	regex((?i)value=[\S]+(form-[_-a-zA-Z0-9]+)[\S]+).find.exists, found nothing
USER	LoginSimulation	4	START	1533306808789	1533306808789
REQUEST	LoginSimulation	4		homepage	1533306808790	1533306808864	OK	 
REQUEST	LoginSimulation	4		/simple-entry	1533306808868	1533306808885	OK	 
REQUEST	LoginSimulation	4		/system/ajax	1533306808893	1533306808946	OK	 
REQUEST	LoginSimulation	3		/system/ajax	1533306808678	1533306808966	OK	 
USER	LoginSimulation	3	END	1533306807838	1533306808972
REQUEST	LoginSimulation	4		homepage	1533306808949	1533306808991	OK	 
REQUEST	LoginSimulation	4		/simple-entry	1533306808994	1533306809011	KO	regex((?i)value=[\S]+(form-[_-a-zA-Z0-9]+)[\S]+).find.exists, found nothing
REQUEST	LoginSimulation	4		/system/ajax	1533306809022	1533306809229	OK	 
REQUEST	LoginSimulation	4		homepage	1533306809232	1533306809433	OK	 
REQUEST	LoginSimulation	4		/simple-entry	1533306809436	1533306809455	KO	regex((?i)value=[\S]+(form-[_-a-zA-Z0-9]+)[\S]+).find.exists, found nothing
REQUEST	LoginSimulation	4		/system/ajax	1533306809463	1533306809547	OK	 
REQUEST	LoginSimulation	4		homepage	1533306809552	1533306809606	OK	 
REQUEST	LoginSimulation	4		/simple-entry	1533306809610	1533306809627	KO	regex((?i)value=[\S]+(form-[_-a-zA-Z0-9]+)[\S]+).find.exists, found nothing
USER	LoginSimulation	5	START	1533306809788	1533306809788
REQUEST	LoginSimulation	5		homepage	1533306809789	1533306809887	OK	 
REQUEST	LoginSimulation	4		/system/ajax	1533306809637	1533306809893	OK	 
USER	LoginSimulation	4	END	1533306808789	1533306809897
REQUEST	LoginSimulation	5		/simple-entry	1533306809891	1533306809908	OK	 
REQUEST	LoginSimulation	5		/system/ajax	1533306809911	1533306809955	OK	 
REQUEST	LoginSimulation	5		homepage	1533306809958	1533306809990	OK	 
REQUEST	LoginSimulation	5		/simple-entry	1533306809993	1533306810009	OK	 
REQUEST	LoginSimulation	5		/system/ajax	1533306810012	1533306810030	OK	 
REQUEST	LoginSimulation	5		homepage	1533306810032	1533306810065	OK	 
REQUEST	LoginSimulation	5		/simple-entry	1533306810070	1533306810087	OK	 
REQUEST	LoginSimulation	5		/system/ajax	1533306810091	1533306810162	OK	 
REQUEST	LoginSimulation	5		homepage	1533306810167	1533306810222	OK	 
REQUEST	LoginSimulation	5		/simple-entry	1533306810226	1533306810243	KO	regex((?i)value=[\S]+(form-[_-a-zA-Z0-9]+)[\S]+).find.exists, found nothing
REQUEST	LoginSimulation	5		/system/ajax	1533306810248	1533306810506	OK	 
USER	LoginSimulation	5	END	1533306809788	1533306810510
USER	LoginSimulation	6	START	1533306810789	1533306810789
REQUEST	LoginSimulation	6		homepage	1533306810791	1533306810874	OK	 
REQUEST	LoginSimulation	6		/simple-entry	1533306810878	1533306810897	OK	 
REQUEST	LoginSimulation	6		/system/ajax	1533306810904	1533306810993	OK	 
REQUEST	LoginSimulation	6		homepage	1533306810994	1533306811040	OK	 
REQUEST	LoginSimulation	6		/simple-entry	1533306811044	1533306811058	KO	regex((?i)value=[\S]+(form-[_-a-zA-Z0-9]+)[\S]+).find.exists, found nothing
REQUEST	LoginSimulation	6		/system/ajax	1533306811062	1533306811265	OK	 
REQUEST	LoginSimulation	6		homepage	1533306811266	1533306811467	OK	 
REQUEST	LoginSimulation	6		/simple-entry	1533306811474	1533306811499	KO	regex((?i)value=[\S]+(form-[_-a-zA-Z0-9]+)[\S]+).find.exists, found nothing
REQUEST	LoginSimulation	6		/system/ajax	1533306811506	1533306811637	OK	 
REQUEST	LoginSimulation	6		homepage	1533306811641	1533306811702	OK	 
REQUEST	LoginSimulation	6		/simple-entry	1533306811706	1533306811721	KO	regex((?i)value=[\S]+(form-[_-a-zA-Z0-9]+)[\S]+).find.exists, found nothing
USER	LoginSimulation	7	START	1533306811788	1533306811788
REQUEST	LoginSimulation	7		homepage	1533306811789	1533306811833	OK	 
REQUEST	LoginSimulation	7		/simple-entry	1533306811834	1533306811850	OK	 
REQUEST	LoginSimulation	7		/system/ajax	1533306811851	1533306811900	OK	 
REQUEST	LoginSimulation	7		homepage	1533306811902	1533306811940	OK	 
REQUEST	LoginSimulation	7		/simple-entry	1533306811941	1533306811955	KO	regex((?i)value=[\S]+(form-[_-a-zA-Z0-9]+)[\S]+).find.exists, found nothing
REQUEST	LoginSimulation	6		/system/ajax	1533306811729	1533306811993	OK	 
USER	LoginSimulation	6	END	1533306810789	1533306811995
REQUEST	LoginSimulation	7		/system/ajax	1533306811958	1533306812165	OK	 
REQUEST	LoginSimulation	7		homepage	1533306812167	1533306812370	OK	 
REQUEST	LoginSimulation	7		/simple-entry	1533306812372	1533306812389	KO	regex((?i)value=[\S]+(form-[_-a-zA-Z0-9]+)[\S]+).find.exists, found nothing
REQUEST	LoginSimulation	7		/system/ajax	1533306812394	1533306812450	OK	 
REQUEST	LoginSimulation	7		homepage	1533306812452	1533306812499	OK	 
REQUEST	LoginSimulation	7		/simple-entry	1533306812500	1533306812513	KO	regex((?i)value=[\S]+(form-[_-a-zA-Z0-9]+)[\S]+).find.exists, found nothing
REQUEST	LoginSimulation	7		/system/ajax	1533306812515	1533306812773	OK	 
USER	LoginSimulation	7	END	1533306811788	1533306812778
USER	LoginSimulation	8	START	1533306812788	1533306812788
REQUEST	LoginSimulation	8		homepage	1533306812789	1533306812844	OK	 
REQUEST	LoginSimulation	8		/simple-entry	1533306812846	1533306812862	OK	 
REQUEST	LoginSimulation	8		/system/ajax	1533306812887	1533306812930	OK	 
REQUEST	LoginSimulation	8		homepage	1533306812931	1533306812965	OK	 
REQUEST	LoginSimulation	8		/simple-entry	1533306812965	1533306812982	OK	 
REQUEST	LoginSimulation	8		/system/ajax	1533306812984	1533306813189	OK	 
REQUEST	LoginSimulation	8		homepage	1533306813192	1533306813389	OK	 
REQUEST	LoginSimulation	8		/simple-entry	1533306813390	1533306813405	KO	regex((?i)value=[\S]+(form-[_-a-zA-Z0-9]+)[\S]+).find.exists, found nothing
REQUEST	LoginSimulation	8		/system/ajax	1533306813407	1533306813488	OK	 
REQUEST	LoginSimulation	8		homepage	1533306813494	1533306813546	OK	 
REQUEST	LoginSimulation	8		/simple-entry	1533306813549	1533306813564	KO	regex((?i)value=[\S]+(form-[_-a-zA-Z0-9]+)[\S]+).find.exists, found nothing
USER	LoginSimulation	9	START	1533306813789	1533306813789
REQUEST	LoginSimulation	8		/system/ajax	1533306813568	1533306813829	OK	 
USER	LoginSimulation	8	END	1533306812788	1533306813833
REQUEST	LoginSimulation	9		homepage	1533306813790	1533306813846	OK	 
REQUEST	LoginSimulation	9		/simple-entry	1533306813855	1533306813874	OK	 
REQUEST	LoginSimulation	9		/system/ajax	1533306813878	1533306813955	OK	 
REQUEST	LoginSimulation	9		homepage	1533306813959	1533306814017	OK	 
REQUEST	LoginSimulation	9		/simple-entry	1533306814023	1533306814041	KO	regex((?i)value=[\S]+(form-[_-a-zA-Z0-9]+)[\S]+).find.exists, found nothing
REQUEST	LoginSimulation	9		/system/ajax	1533306814046	1533306814259	OK	 
REQUEST	LoginSimulation	9		homepage	1533306814263	1533306814457	OK	 
REQUEST	LoginSimulation	9		/simple-entry	1533306814459	1533306814475	KO	regex((?i)value=[\S]+(form-[_-a-zA-Z0-9]+)[\S]+).find.exists, found nothing
REQUEST	LoginSimulation	9		/system/ajax	1533306814479	1533306814540	OK	 
REQUEST	LoginSimulation	9		homepage	1533306814542	1533306814611	OK	 
REQUEST	LoginSimulation	9		/simple-entry	1533306814614	1533306814629	KO	regex((?i)value=[\S]+(form-[_-a-zA-Z0-9]+)[\S]+).find.exists, found nothing
USER	LoginSimulation	10	START	1533306814789	1533306814789
REQUEST	LoginSimulation	10		homepage	1533306814789	1533306814832	OK	 
REQUEST	LoginSimulation	10		/simple-entry	1533306814837	1533306814854	OK	 
REQUEST	LoginSimulation	9		/system/ajax	1533306814634	1533306814894	OK	 
USER	LoginSimulation	9	END	1533306813789	1533306814896
REQUEST	LoginSimulation	10		/system/ajax	1533306814858	1533306814932	OK	 
REQUEST	LoginSimulation	10		homepage	1533306814934	1533306814983	OK	 
REQUEST	LoginSimulation	10		/simple-entry	1533306814986	1533306815002	KO	regex((?i)value=[\S]+(form-[_-a-zA-Z0-9]+)[\S]+).find.exists, found nothing
REQUEST	LoginSimulation	10		/system/ajax	1533306815007	1533306815026	OK	 
REQUEST	LoginSimulation	10		homepage	1533306815028	1533306815073	OK	 
REQUEST	LoginSimulation	10		/simple-entry	1533306815076	1533306815092	KO	regex((?i)value=[\S]+(form-[_-a-zA-Z0-9]+)[\S]+).find.exists, found nothing
REQUEST	LoginSimulation	10		/system/ajax	1533306815103	1533306815154	OK	 
REQUEST	LoginSimulation	10		homepage	1533306815160	1533306815257	OK	 
REQUEST	LoginSimulation	10		/simple-entry	1533306815275	1533306815289	KO	regex((?i)value=[\S]+(form-[_-a-zA-Z0-9]+)[\S]+).find.exists, found nothing
REQUEST	LoginSimulation	10		/system/ajax	1533306815292	1533306815546	OK	 
USER	LoginSimulation	10	END	1533306814789	1533306815547
